# JRE version: OpenJDK Runtime Environment (8.0_181-b13) (build 1.8.0_181-8u181-b13-2~deb9u1-b13)
# Java VM: OpenJDK 64-Bit Server VM (25.181-b13 mixed mode linux-amd64 compressed oops)
Heap:
 PSYoungGen      total 668672K, used 414237K [0x0000000781980000, 0x00000007b3e80000, 0x00000007c0000000)
  eden space 523264K, 68% used [0x0000000781980000,0x0000000797809588,0x00000007a1880000)
  from space 145408K, 38% used [0x00000007ab080000,0x00000007ae67e118,0x00000007b3e80000)
  to   space 150528K, 0% used [0x00000007a1880000,0x00000007a1880000,0x00000007aab80000)
 ParOldGen       total 953856K, used 504592K [0x0000000704c00000, 0x000000073ef80000, 0x0000000781980000)
  object space 953856K, 52% used [0x0000000704c00000,0x00000007238c4190,0x000000073ef80000)
 Metaspace       used 48165K, capacity 49492K, committed 49840K, reserved 1091584K
  class space    used 7733K, capacity 8048K, committed 8112K, reserved 1048576K
GC Heap History (10 events):
Event: 10,968 GC heap before
{Heap before GC invocations=23 (full 4):
 PSYoungGen      total 606720K, used 514327K [0x0000000781980000, 0x00000007b0100000, 0x00000007c0000000)
  eden space 463360K, 100% used [0x0000000781980000,0x000000079de00000,0x000000079de00000)
  from space 143360K, 35% used [0x00000007a7500000,0x00000007aa6c5f98,0x00000007b0100000)
  to   space 148992K, 0% used [0x000000079de00000,0x000000079de00000,0x00000007a6f80000)
 ParOldGen       total 880128K, used 495260K [0x0000000704c00000, 0x000000073a780000, 0x0000000781980000)
  object space 880128K, 56% used [0x0000000704c00000,0x0000000722fa7318,0x000000073a780000)
 Metaspace       used 24733K, capacity 25788K, committed 26032K, reserved 1071104K
  class space    used 3130K, capacity 3414K, committed 3504K, reserved 1048576K
Event: 10,974 GC heap after
Heap after GC invocations=23 (full 4):
 PSYoungGen      total 612352K, used 1118K [0x0000000781980000, 0x00000007b3280000, 0x00000007c0000000)
  eden space 463360K, 0% used [0x0000000781980000,0x0000000781980000,0x000000079de00000)
  from space 148992K, 0% used [0x000000079de00000,0x000000079df17910,0x00000007a6f80000)
  to   space 156672K, 0% used [0x00000007a9980000,0x00000007a9980000,0x00000007b3280000)
 ParOldGen       total 880128K, used 495260K [0x0000000704c00000, 0x000000073a780000, 0x0000000781980000)
  object space 880128K, 56% used [0x0000000704c00000,0x0000000722fa7318,0x000000073a780000)
 Metaspace       used 24733K, capacity 25788K, committed 26032K, reserved 1071104K
  class space    used 3130K, capacity 3414K, committed 3504K, reserved 1048576K
}
Event: 20,918 GC heap before
{Heap before GC invocations=24 (full 4):
 PSYoungGen      total 612352K, used 215510K [0x0000000781980000, 0x00000007b3280000, 0x00000007c0000000)
  eden space 463360K, 46% used [0x0000000781980000,0x000000078eade0c0,0x000000079de00000)
  from space 148992K, 0% used [0x000000079de00000,0x000000079df17910,0x00000007a6f80000)
  to   space 156672K, 0% used [0x00000007a9980000,0x00000007a9980000,0x00000007b3280000)
 ParOldGen       total 880128K, used 495260K [0x0000000704c00000, 0x000000073a780000, 0x0000000781980000)
  object space 880128K, 56% used [0x0000000704c00000,0x0000000722fa7318,0x000000073a780000)
 Metaspace       used 34147K, capacity 35352K, committed 35496K, reserved 1079296K
  class space    used 5318K, capacity 5614K, committed 5680K, reserved 1048576K
Event: 20,926 GC heap after
Heap after GC invocations=24 (full 4):
 PSYoungGen      total 647168K, used 11659K [0x0000000781980000, 0x00000007b3180000, 0x00000007c0000000)
  eden space 491520K, 0% used [0x0000000781980000,0x0000000781980000,0x000000079f980000)
  from space 155648K, 7% used [0x00000007a9980000,0x00000007aa4e2f70,0x00000007b3180000)
  to   space 159744K, 0% used [0x000000079f980000,0x000000079f980000,0x00000007a9580000)
 ParOldGen       total 880128K, used 495268K [0x0000000704c00000, 0x000000073a780000, 0x0000000781980000)
  object space 880128K, 56% used [0x0000000704c00000,0x0000000722fa9318,0x000000073a780000)
 Metaspace       used 34147K, capacity 35352K, committed 35496K, reserved 1079296K
  class space    used 5318K, capacity 5614K, committed 5680K, reserved 1048576K
}
Event: 20,926 GC heap before
{Heap before GC invocations=25 (full 5):
 PSYoungGen      total 647168K, used 11659K [0x0000000781980000, 0x00000007b3180000, 0x00000007c0000000)
  eden space 491520K, 0% used [0x0000000781980000,0x0000000781980000,0x000000079f980000)
  from space 155648K, 7% used [0x00000007a9980000,0x00000007aa4e2f70,0x00000007b3180000)
  to   space 159744K, 0% used [0x000000079f980000,0x000000079f980000,0x00000007a9580000)
 ParOldGen       total 880128K, used 495268K [0x0000000704c00000, 0x000000073a780000, 0x0000000781980000)
  object space 880128K, 56% used [0x0000000704c00000,0x0000000722fa9318,0x000000073a780000)
 Metaspace       used 34147K, capacity 35352K, committed 35496K, reserved 1079296K
  class space    used 5318K, capacity 5614K, committed 5680K, reserved 1048576K
Event: 21,369 GC heap after
Heap after GC invocations=25 (full 5):
 PSYoungGen      total 647168K, used 0K [0x0000000781980000, 0x00000007b3180000, 0x00000007c0000000)
  eden space 491520K, 0% used [0x0000000781980000,0x0000000781980000,0x000000079f980000)
  from space 155648K, 0% used [0x00000007a9980000,0x00000007a9980000,0x00000007b3180000)
  to   space 159744K, 0% used [0x000000079f980000,0x000000079f980000,0x00000007a9580000)
 ParOldGen       total 953856K, used 504576K [0x0000000704c00000, 0x000000073ef80000, 0x0000000781980000)
  object space 953856K, 52% used [0x0000000704c00000,0x00000007238c0190,0x000000073ef80000)
 Metaspace       used 34147K, capacity 35352K, committed 35496K, reserved 1079296K
  class space    used 5318K, capacity 5614K, committed 5680K, reserved 1048576K
}
Event: 23,692 GC heap before
{Heap before GC invocations=26 (full 5):
 PSYoungGen      total 647168K, used 491520K [0x0000000781980000, 0x00000007b3180000, 0x00000007c0000000)
  eden space 491520K, 100% used [0x0000000781980000,0x000000079f980000,0x000000079f980000)
  from space 155648K, 0% used [0x00000007a9980000,0x00000007a9980000,0x00000007b3180000)
  to   space 159744K, 0% used [0x000000079f980000,0x000000079f980000,0x00000007a9580000)
 ParOldGen       total 953856K, used 504576K [0x0000000704c00000, 0x000000073ef80000, 0x0000000781980000)
  object space 953856K, 52% used [0x0000000704c00000,0x00000007238c0190,0x000000073ef80000)
 Metaspace       used 47019K, capacity 48306K, committed 48688K, reserved 1089536K
  class space    used 7608K, capacity 7923K, committed 7984K, reserved 1048576K
Event: 23,712 GC heap after
Heap after GC invocations=26 (full 5):
 PSYoungGen      total 651264K, used 26821K [0x0000000781980000, 0x00000007b4a80000, 0x00000007c0000000)
  eden space 491520K, 0% used [0x0000000781980000,0x0000000781980000,0x000000079f980000)
  from space 159744K, 16% used [0x000000079f980000,0x00000007a13b1480,0x00000007a9580000)
  to   space 157696K, 0% used [0x00000007ab080000,0x00000007ab080000,0x00000007b4a80000)
 ParOldGen       total 953856K, used 504584K [0x0000000704c00000, 0x000000073ef80000, 0x0000000781980000)
  object space 953856K, 52% used [0x0000000704c00000,0x00000007238c2190,0x000000073ef80000)
 Metaspace       used 47019K, capacity 48306K, committed 48688K, reserved 1089536K
  class space    used 7608K, capacity 7923K, committed 7984K, reserved 1048576K
}
Event: 24,403 GC heap before
{Heap before GC invocations=27 (full 5):
 PSYoungGen      total 651264K, used 518341K [0x0000000781980000, 0x00000007b4a80000, 0x00000007c0000000)
  eden space 491520K, 100% used [0x0000000781980000,0x000000079f980000,0x000000079f980000)
  from space 159744K, 16% used [0x000000079f980000,0x00000007a13b1480,0x00000007a9580000)
  to   space 157696K, 0% used [0x00000007ab080000,0x00000007ab080000,0x00000007b4a80000)
 ParOldGen       total 953856K, used 504584K [0x0000000704c00000, 0x000000073ef80000, 0x0000000781980000)
  object space 953856K, 52% used [0x0000000704c00000,0x00000007238c2190,0x000000073ef80000)
 Metaspace       used 47412K, capacity 48708K, committed 48944K, reserved 1089536K
  class space    used 7652K, capacity 7966K, committed 7984K, reserved 1048576K
Event: 24,453 GC heap after
Heap after GC invocations=27 (full 5):
 PSYoungGen      total 668672K, used 55288K [0x0000000781980000, 0x00000007b3e80000, 0x00000007c0000000)
  eden space 523264K, 0% used [0x0000000781980000,0x0000000781980000,0x00000007a1880000)
  from space 145408K, 38% used [0x00000007ab080000,0x00000007ae67e118,0x00000007b3e80000)
  to   space 150528K, 0% used [0x00000007a1880000,0x00000007a1880000,0x00000007aab80000)
 ParOldGen       total 953856K, used 504592K [0x0000000704c00000, 0x000000073ef80000, 0x0000000781980000)
  object space 953856K, 52% used [0x0000000704c00000,0x00000007238c4190,0x000000073ef80000)
 Metaspace       used 47412K, capacity 48708K, committed 48944K, reserved 1089536K
  class space    used 7652K, capacity 7966K, committed 7984K, reserved 1048576K
}

